<?xml version="1.0" encoding="UTF-8"?>
<!-- Generated by org.testng.reporters.JUnitXMLReporter -->
<testsuite hostname="Tahmids-MBP.cable.rcn.com" ignored="11" name="Default test" tests="1" failures="0" timestamp="2022-10-03T18:37:38 EDT" time="12.034" errors="0">
  <testcase name="cookiesSettingTest" time="7.856" classname="testPages.HomePageTest"/>
  <testcase name="searchFieldTest" time="0.0" classname="testPages.HomePageTest">
    <ignored/>
  </testcase> <!-- searchFieldTest -->
  <testcase name="logoTest" time="0.0" classname="testPages.HomePageTest">
    <ignored/>
  </testcase> <!-- logoTest -->
  <testcase name="searchMoviesTest" time="0.0" classname="testPages.HomePageTest">
    <ignored/>
  </testcase> <!-- searchMoviesTest -->
  <testcase name="clickRegisterTest" time="0.0" classname="testPages.HomePageTest">
    <ignored/>
  </testcase> <!-- clickRegisterTest -->
  <testcase name="makeOneTimePaymentTest" time="0.0" classname="testPages.HomePageTest">
    <ignored/>
  </testcase> <!-- makeOneTimePaymentTest -->
  <testcase name="businessSignInTest" time="0.0" classname="testPages.HomePageTest">
    <ignored/>
  </testcase> <!-- businessSignInTest -->
  <testcase name="clickWhySupportUsTest" time="0.0" classname="testPages.HomePageTest">
    <ignored/>
  </testcase> <!-- clickWhySupportUsTest -->
  <testcase name="signInTest" time="0.0" classname="testPages.HomePageTest">
    <ignored/>
  </testcase> <!-- signInTest -->
  <testcase name="forgotYourInfoClickedTest" time="0.0" classname="testPages.HomePageTest">
    <ignored/>
  </testcase> <!-- forgotYourInfoClickedTest -->
  <testcase name="cssSelectorIdTest" time="0.0" classname="testPages.HomePageTest">
    <ignored/>
  </testcase> <!-- cssSelectorIdTest -->
  <testcase name="signInClickTest" time="0.0" classname="testPages.HomePageTest">
    <ignored/>
  </testcase> <!-- signInClickTest -->
</testsuite> <!-- Default test -->
