<?xml version="1.0" encoding="UTF-8"?>
<testng-results skipped="0" failed="0" ignored="0" total="2" passed="2">
  <reporter-output>
  </reporter-output>
  <suite name="Default suite" duration-ms="9851" started-at="2022-09-25T13:11:09 EDT" finished-at="2022-09-25T13:11:19 EDT">
    <groups>
    </groups>
    <test name="Default test" duration-ms="9851" started-at="2022-09-25T13:11:09 EDT" finished-at="2022-09-25T13:11:19 EDT">
      <class name="testPages.HomePageTest">
        <test-method status="PASS" signature="setUp()[pri:0, instance:testPages.HomePageTest@b7dd107]" name="setUp" is-config="true" duration-ms="4441" started-at="2022-09-25T13:11:09 EDT" finished-at="2022-09-25T13:11:14 EDT">
          <reporter-output>
          </reporter-output>
        </test-method> <!-- setUp -->
        <test-method status="PASS" signature="clickPageTest()[pri:0, instance:testPages.HomePageTest@b7dd107]" name="clickPageTest" duration-ms="82" started-at="2022-09-25T13:11:14 EDT" finished-at="2022-09-25T13:11:14 EDT">
          <reporter-output>
          </reporter-output>
        </test-method> <!-- clickPageTest -->
        <test-method status="PASS" signature="tearUp()[pri:0, instance:testPages.HomePageTest@b7dd107]" name="tearUp" is-config="true" duration-ms="124" started-at="2022-09-25T13:11:14 EDT" finished-at="2022-09-25T13:11:14 EDT">
          <reporter-output>
          </reporter-output>
        </test-method> <!-- tearUp -->
        <test-method status="PASS" signature="setUp()[pri:0, instance:testPages.HomePageTest@b7dd107]" name="setUp" is-config="true" duration-ms="4849" started-at="2022-09-25T13:11:14 EDT" finished-at="2022-09-25T13:11:19 EDT">
          <reporter-output>
          </reporter-output>
        </test-method> <!-- setUp -->
        <test-method status="PASS" signature="logoTest()[pri:0, instance:testPages.HomePageTest@b7dd107]" name="logoTest" duration-ms="156" started-at="2022-09-25T13:11:19 EDT" finished-at="2022-09-25T13:11:19 EDT">
          <reporter-output>
          </reporter-output>
        </test-method> <!-- logoTest -->
        <test-method status="PASS" signature="tearUp()[pri:0, instance:testPages.HomePageTest@b7dd107]" name="tearUp" is-config="true" duration-ms="161" started-at="2022-09-25T13:11:19 EDT" finished-at="2022-09-25T13:11:19 EDT">
          <reporter-output>
          </reporter-output>
        </test-method> <!-- tearUp -->
      </class> <!-- testPages.HomePageTest -->
    </test> <!-- Default test -->
  </suite> <!-- Default suite -->
</testng-results>
